<?xml version="1.0" encoding="UTF-8"?>
<!-- Generated by org.testng.reporters.JUnitXMLReporter -->
<testsuite hostname="DESKTOP-U8MBT3O" ignored="0" tests="3" failures="1" timestamp="2022-10-12T09:51:59 ICT" time="16.15" errors="0">
  <testcase name="Login" time="6.397" classname="Test1"/>
  <testcase name="LoginRight" time="4.727" classname="TestLoginHSK">
    <failure type="java.lang.AssertionError" message="expected [http://qcwork.inshasaki.com] but found [http://qcwork.inshasaki.com/auth/login]">
      <![CDATA[java.lang.AssertionError: expected [http://qcwork.inshasaki.com] but found [http://qcwork.inshasaki.com/auth/login]
at TestLoginHSK.LoginRight(TestLoginHSK.java:23)
at java.util.ArrayList.forEach(ArrayList.java:1259)
... Removed 43 stack frames]]>
    </failure>
  </testcase> <!-- LoginRight -->
  <testcase name="LoginWrong" time="4.996" classname="TestLoginHSK"/>
</testsuite>
